23:30:40 **** Incremental Build of configuration Debug for project ADAS_WheelHubMotors_LaneDetection_OBSAVOIDENCE_AUTOPARK ****
make all 
Building file: ../APP/ADAS_APP.c
Invoking: AVR Compiler
avr-gcc -Wall -g2 -gstabs -O0 -fpack-struct -fshort-enums -ffunction-sections -fdata-sections -std=gnu99 -funsigned-char -funsigned-bitfields -mmcu=atmega32 -DF_CPU=16000000UL -MMD -MP -MF"APP/ADAS_APP.d" -MT"APP/ADAS_APP.o" -c -o "APP/ADAS_APP.o" "../APP/ADAS_APP.c"
In file included from ../APP/../MCAL/GI/GI_interface.h:11,
                 from ../APP/ADAS_APP.c:15:
../APP/../MCAL/GI/GI_register.h:13:1: warning: "SREG" redefined
In file included from d:/es_diploma/tools/imt_sdk_win_64/winavr/lib/gcc/../../avr/include/avr/io.h:410,
                 from ../APP/../MCAL/DIO/DIO_interface.h:13,
                 from ../APP/ADAS_APP.c:13:
d:/es_diploma/tools/imt_sdk_win_64/winavr/lib/gcc/../../avr/include/avr/common.h:103:1: warning: this is the location of the previous definition
../APP/ADAS_APP.c: In function 'HW_init':
../APP/ADAS_APP.c:47: warning: implicit declaration of function 'SPI_voidInit'
../APP/ADAS_APP.c: At top level:
../APP/ADAS_APP.c:67: warning: data definition has no type or storage class
../APP/ADAS_APP.c:67: warning: type defaults to 'int' in declaration of 'AutoPark'
../APP/ADAS_APP.c:69: warning: data definition has no type or storage class
../APP/ADAS_APP.c:69: warning: type defaults to 'int' in declaration of 'Avoid_ToRight'
../APP/ADAS_APP.c:71: warning: data definition has no type or storage class
../APP/ADAS_APP.c:71: warning: type defaults to 'int' in declaration of 'Avoid_ToLeft'
../APP/ADAS_APP.c: In function 'WHM':
../APP/ADAS_APP.c:85: warning: implicit declaration of function 'UART_TransmitString'
../APP/ADAS_APP.c:167: warning: implicit declaration of function 'LaneAssist'
../APP/ADAS_APP.c:172: error: expected expression before ')' token
../APP/ADAS_APP.c:181: error: expected expression before ')' token
../APP/ADAS_APP.c: At top level:
../APP/ADAS_APP.c:194: warning: conflicting types for 'LaneAssist'
../APP/ADAS_APP.c:167: warning: previous implicit declaration of 'LaneAssist' was here
make: *** [APP/ADAS_APP.o] Error 1

23:30:40 Build Finished (took 434ms)

