15:14:35 **** Build of configuration Debug for project SMART_HOME_USER ****
make all 
Building file: ../MCAL/UART/src/UART_program.c
Invoking: AVR Compiler
avr-gcc -Wall -g2 -gstabs -O0 -fpack-struct -fshort-enums -ffunction-sections -fdata-sections -std=gnu99 -funsigned-char -funsigned-bitfields -mmcu=atmega32 -DF_CPU=16000000UL -MMD -MP -MF"MCAL/UART/src/UART_program.d" -MT"MCAL/UART/src/UART_program.o" -c -o "MCAL/UART/src/UART_program.o" "../MCAL/UART/src/UART_program.c"
Finished building: ../MCAL/UART/src/UART_program.c
 
Building file: ../MCAL/TIMERS/TIMER2/src/TMR2_program.c
Invoking: AVR Compiler
avr-gcc -Wall -g2 -gstabs -O0 -fpack-struct -fshort-enums -ffunction-sections -fdata-sections -std=gnu99 -funsigned-char -funsigned-bitfields -mmcu=atmega32 -DF_CPU=16000000UL -MMD -MP -MF"MCAL/TIMERS/TIMER2/src/TMR2_program.d" -MT"MCAL/TIMERS/TIMER2/src/TMR2_program.o" -c -o "MCAL/TIMERS/TIMER2/src/TMR2_program.o" "../MCAL/TIMERS/TIMER2/src/TMR2_program.c"
Finished building: ../MCAL/TIMERS/TIMER2/src/TMR2_program.c
 
Building file: ../MCAL/TIMERS/TIMER1/src/TMR1_program.c
Invoking: AVR Compiler
avr-gcc -Wall -g2 -gstabs -O0 -fpack-struct -fshort-enums -ffunction-sections -fdata-sections -std=gnu99 -funsigned-char -funsigned-bitfields -mmcu=atmega32 -DF_CPU=16000000UL -MMD -MP -MF"MCAL/TIMERS/TIMER1/src/TMR1_program.d" -MT"MCAL/TIMERS/TIMER1/src/TMR1_program.o" -c -o "MCAL/TIMERS/TIMER1/src/TMR1_program.o" "../MCAL/TIMERS/TIMER1/src/TMR1_program.c"
Finished building: ../MCAL/TIMERS/TIMER1/src/TMR1_program.c
 
Building file: ../MCAL/TIMERS/TIMER0/src/TMR0_program.c
Invoking: AVR Compiler
avr-gcc -Wall -g2 -gstabs -O0 -fpack-struct -fshort-enums -ffunction-sections -fdata-sections -std=gnu99 -funsigned-char -funsigned-bitfields -mmcu=atmega32 -DF_CPU=16000000UL -MMD -MP -MF"MCAL/TIMERS/TIMER0/src/TMR0_program.d" -MT"MCAL/TIMERS/TIMER0/src/TMR0_program.o" -c -o "MCAL/TIMERS/TIMER0/src/TMR0_program.o" "../MCAL/TIMERS/TIMER0/src/TMR0_program.c"
Finished building: ../MCAL/TIMERS/TIMER0/src/TMR0_program.c
 
Building file: ../MCAL/SPI/src/SPI_program.c
Invoking: AVR Compiler
avr-gcc -Wall -g2 -gstabs -O0 -fpack-struct -fshort-enums -ffunction-sections -fdata-sections -std=gnu99 -funsigned-char -funsigned-bitfields -mmcu=atmega32 -DF_CPU=16000000UL -MMD -MP -MF"MCAL/SPI/src/SPI_program.d" -MT"MCAL/SPI/src/SPI_program.o" -c -o "MCAL/SPI/src/SPI_program.o" "../MCAL/SPI/src/SPI_program.c"
Finished building: ../MCAL/SPI/src/SPI_program.c
 
Building file: ../MCAL/PORT/PORT.c
Invoking: AVR Compiler
avr-gcc -Wall -g2 -gstabs -O0 -fpack-struct -fshort-enums -ffunction-sections -fdata-sections -std=gnu99 -funsigned-char -funsigned-bitfields -mmcu=atmega32 -DF_CPU=16000000UL -MMD -MP -MF"MCAL/PORT/PORT.d" -MT"MCAL/PORT/PORT.o" -c -o "MCAL/PORT/PORT.o" "../MCAL/PORT/PORT.c"
Finished building: ../MCAL/PORT/PORT.c
 
Building file: ../MCAL/PORT/PORT_cnf.c
Invoking: AVR Compiler
avr-gcc -Wall -g2 -gstabs -O0 -fpack-struct -fshort-enums -ffunction-sections -fdata-sections -std=gnu99 -funsigned-char -funsigned-bitfields -mmcu=atmega32 -DF_CPU=16000000UL -MMD -MP -MF"MCAL/PORT/PORT_cnf.d" -MT"MCAL/PORT/PORT_cnf.o" -c -o "MCAL/PORT/PORT_cnf.o" "../MCAL/PORT/PORT_cnf.c"
Finished building: ../MCAL/PORT/PORT_cnf.c
 
Building file: ../MCAL/GI/GI__program.c
Invoking: AVR Compiler
avr-gcc -Wall -g2 -gstabs -O0 -fpack-struct -fshort-enums -ffunction-sections -fdata-sections -std=gnu99 -funsigned-char -funsigned-bitfields -mmcu=atmega32 -DF_CPU=16000000UL -MMD -MP -MF"MCAL/GI/GI__program.d" -MT"MCAL/GI/GI__program.o" -c -o "MCAL/GI/GI__program.o" "../MCAL/GI/GI__program.c"
Finished building: ../MCAL/GI/GI__program.c
 
Building file: ../MCAL/EXTI/src/EXTI_program.c
Invoking: AVR Compiler
avr-gcc -Wall -g2 -gstabs -O0 -fpack-struct -fshort-enums -ffunction-sections -fdata-sections -std=gnu99 -funsigned-char -funsigned-bitfields -mmcu=atmega32 -DF_CPU=16000000UL -MMD -MP -MF"MCAL/EXTI/src/EXTI_program.d" -MT"MCAL/EXTI/src/EXTI_program.o" -c -o "MCAL/EXTI/src/EXTI_program.o" "../MCAL/EXTI/src/EXTI_program.c"
Finished building: ../MCAL/EXTI/src/EXTI_program.c
 
Building file: ../MCAL/DIO/DIO_program.c
Invoking: AVR Compiler
avr-gcc -Wall -g2 -gstabs -O0 -fpack-struct -fshort-enums -ffunction-sections -fdata-sections -std=gnu99 -funsigned-char -funsigned-bitfields -mmcu=atmega32 -DF_CPU=16000000UL -MMD -MP -MF"MCAL/DIO/DIO_program.d" -MT"MCAL/DIO/DIO_program.o" -c -o "MCAL/DIO/DIO_program.o" "../MCAL/DIO/DIO_program.c"
Finished building: ../MCAL/DIO/DIO_program.c
 
Building file: ../MCAL/ADC/src/ADC_program.c
Invoking: AVR Compiler
avr-gcc -Wall -g2 -gstabs -O0 -fpack-struct -fshort-enums -ffunction-sections -fdata-sections -std=gnu99 -funsigned-char -funsigned-bitfields -mmcu=atmega32 -DF_CPU=16000000UL -MMD -MP -MF"MCAL/ADC/src/ADC_program.d" -MT"MCAL/ADC/src/ADC_program.o" -c -o "MCAL/ADC/src/ADC_program.o" "../MCAL/ADC/src/ADC_program.c"
Finished building: ../MCAL/ADC/src/ADC_program.c
 
Building file: ../HAL/SRVM/SRVM_program.c
Invoking: AVR Compiler
avr-gcc -Wall -g2 -gstabs -O0 -fpack-struct -fshort-enums -ffunction-sections -fdata-sections -std=gnu99 -funsigned-char -funsigned-bitfields -mmcu=atmega32 -DF_CPU=16000000UL -MMD -MP -MF"HAL/SRVM/SRVM_program.d" -MT"HAL/SRVM/SRVM_program.o" -c -o "HAL/SRVM/SRVM_program.o" "../HAL/SRVM/SRVM_program.c"
Finished building: ../HAL/SRVM/SRVM_program.c
 
Building file: ../HAL/SEVEN_SEGMENT/SEVEN_SEGMENT.c
Invoking: AVR Compiler
avr-gcc -Wall -g2 -gstabs -O0 -fpack-struct -fshort-enums -ffunction-sections -fdata-sections -std=gnu99 -funsigned-char -funsigned-bitfields -mmcu=atmega32 -DF_CPU=16000000UL -MMD -MP -MF"HAL/SEVEN_SEGMENT/SEVEN_SEGMENT.d" -MT"HAL/SEVEN_SEGMENT/SEVEN_SEGMENT.o" -c -o "HAL/SEVEN_SEGMENT/SEVEN_SEGMENT.o" "../HAL/SEVEN_SEGMENT/SEVEN_SEGMENT.c"
In file included from ../HAL/SEVEN_SEGMENT/SEVEN_SEGMENT.c:10:
d:/es_diploma/tools/imt_sdk_win_64/winavr/lib/gcc/../../avr/include/avr/delay.h:36:2: warning: #warning "This file has been moved to <util/delay.h>."
In file included from d:/es_diploma/tools/imt_sdk_win_64/winavr/lib/gcc/../../avr/include/avr/delay.h:37,
                 from ../HAL/SEVEN_SEGMENT/SEVEN_SEGMENT.c:10:
d:/es_diploma/tools/imt_sdk_win_64/winavr/lib/gcc/../../avr/include/util/delay.h:90:3: warning: #warning "Compiler optimizations disabled; functions from <util/delay.h> won't work as designed"
Finished building: ../HAL/SEVEN_SEGMENT/SEVEN_SEGMENT.c
 
Building file: ../HAL/LCD/LCD.c
Invoking: AVR Compiler
avr-gcc -Wall -g2 -gstabs -O0 -fpack-struct -fshort-enums -ffunction-sections -fdata-sections -std=gnu99 -funsigned-char -funsigned-bitfields -mmcu=atmega32 -DF_CPU=16000000UL -MMD -MP -MF"HAL/LCD/LCD.d" -MT"HAL/LCD/LCD.o" -c -o "HAL/LCD/LCD.o" "../HAL/LCD/LCD.c"
In file included from ../HAL/LCD/LCD.h:10,
                 from ../HAL/LCD/LCD.c:8:
d:/es_diploma/tools/imt_sdk_win_64/winavr/lib/gcc/../../avr/include/avr/delay.h:36:2: warning: #warning "This file has been moved to <util/delay.h>."
In file included from d:/es_diploma/tools/imt_sdk_win_64/winavr/lib/gcc/../../avr/include/avr/delay.h:37,
                 from ../HAL/LCD/LCD.h:10,
                 from ../HAL/LCD/LCD.c:8:
d:/es_diploma/tools/imt_sdk_win_64/winavr/lib/gcc/../../avr/include/util/delay.h:90:3: warning: #warning "Compiler optimizations disabled; functions from <util/delay.h> won't work as designed"
Finished building: ../HAL/LCD/LCD.c
 
Building file: ../HAL/KEYPAD/KP_program.c
Invoking: AVR Compiler
avr-gcc -Wall -g2 -gstabs -O0 -fpack-struct -fshort-enums -ffunction-sections -fdata-sections -std=gnu99 -funsigned-char -funsigned-bitfields -mmcu=atmega32 -DF_CPU=16000000UL -MMD -MP -MF"HAL/KEYPAD/KP_program.d" -MT"HAL/KEYPAD/KP_program.o" -c -o "HAL/KEYPAD/KP_program.o" "../HAL/KEYPAD/KP_program.c"
In file included from ../HAL/KEYPAD/KP_program.c:8:
d:/es_diploma/tools/imt_sdk_win_64/winavr/lib/gcc/../../avr/include/avr/delay.h:36:2: warning: #warning "This file has been moved to <util/delay.h>."
In file included from d:/es_diploma/tools/imt_sdk_win_64/winavr/lib/gcc/../../avr/include/avr/delay.h:37,
                 from ../HAL/KEYPAD/KP_program.c:8:
d:/es_diploma/tools/imt_sdk_win_64/winavr/lib/gcc/../../avr/include/util/delay.h:90:3: warning: #warning "Compiler optimizations disabled; functions from <util/delay.h> won't work as designed"
Finished building: ../HAL/KEYPAD/KP_program.c
 
Building file: ../HAL/DC_MOTOR_H_BRIDGE/DCM_program.c
Invoking: AVR Compiler
avr-gcc -Wall -g2 -gstabs -O0 -fpack-struct -fshort-enums -ffunction-sections -fdata-sections -std=gnu99 -funsigned-char -funsigned-bitfields -mmcu=atmega32 -DF_CPU=16000000UL -MMD -MP -MF"HAL/DC_MOTOR_H_BRIDGE/DCM_program.d" -MT"HAL/DC_MOTOR_H_BRIDGE/DCM_program.o" -c -o "HAL/DC_MOTOR_H_BRIDGE/DCM_program.o" "../HAL/DC_MOTOR_H_BRIDGE/DCM_program.c"
Finished building: ../HAL/DC_MOTOR_H_BRIDGE/DCM_program.c
 
Building file: ../main.c
Invoking: AVR Compiler
avr-gcc -Wall -g2 -gstabs -O0 -fpack-struct -fshort-enums -ffunction-sections -fdata-sections -std=gnu99 -funsigned-char -funsigned-bitfields -mmcu=atmega32 -DF_CPU=16000000UL -MMD -MP -MF"main.d" -MT"main.o" -c -o "main.o" "../main.c"
../main.c:8:24: error: APP_Config.h: No such file or directory
In file included from ../main.c:9:
d:/es_diploma/tools/imt_sdk_win_64/winavr/lib/gcc/../../avr/include/util/delay.h:90:3: warning: #warning "Compiler optimizations disabled; functions from <util/delay.h> won't work as designed"
../main.c:13: error: expected '=', ',', ';', 'asm' or '__attribute__' before 'KEY'
../main.c:14: error: expected '=', ',', ';', 'asm' or '__attribute__' before 'MODE'
../main.c:15: error: expected '=', ',', ';', 'asm' or '__attribute__' before 'Control'
../main.c:16: error: expected '=', ',', ';', 'asm' or '__attribute__' before 'LED'
../main.c:17: error: expected '=', ',', ';', 'asm' or '__attribute__' before 'ID'
../main.c:18: error: expected '=', ',', ';', 'asm' or '__attribute__' before 'PASS'
../main.c:19: error: expected '=', ',', ';', 'asm' or '__attribute__' before 'Received_SPI'
../main.c:20: error: expected '=', ',', ';', 'asm' or '__attribute__' before 'CHOOSE'
../main.c: In function 'main':
../main.c:34: warning: implicit declaration of function 'Port_Init'
../main.c:34: error: 'pin_cfg' undeclared (first use in this function)
../main.c:34: error: (Each undeclared identifier is reported only once
../main.c:34: error: for each function it appears in.)
../main.c:35: warning: implicit declaration of function 'lcd4_Init'
../main.c:36: warning: implicit declaration of function 'Keypad_Init'
../main.c:37: warning: implicit declaration of function 'ADC_void_Init'
../main.c:38: warning: implicit declaration of function 'SPI_voidInit'
../main.c:43: warning: implicit declaration of function 'lcd4_CLR'
../main.c:44: warning: implicit declaration of function 'lcd4_disply_string'
../main.c:44: error: 'u8' undeclared (first use in this function)
../main.c:44: error: expected expression before ')' token
../main.c:45: warning: implicit declaration of function 'Dio_WriteChannel'
../main.c:45: error: 'PA_6' undeclared (first use in this function)
../main.c:46: warning: implicit declaration of function 'SPI_voidTranseive'
../main.c:46: error: 'ID' undeclared (first use in this function)
../main.c:46: error: 'Received_SPI' undeclared (first use in this function)
../main.c:48: error: 'PASS' undeclared (first use in this function)
../main.c:64: error: 'MODE' undeclared (first use in this function)
../main.c:71: error: 'Control' undeclared (first use in this function)
../main.c:91: error: 'KEY' undeclared (first use in this function)
../main.c:94: error: 'LED' undeclared (first use in this function)
../main.c:98: error: expected expression before ')' token
../main.c:101: error: expected expression before ')' token
../main.c:150: error: expected expression before ')' token
../main.c:153: error: expected expression before ')' token
../main.c:195: error: expected expression before ')' token
../main.c: In function 'Slave_voidChooseMode_OnLCD':
../main.c:205: error: 'KEY' undeclared (first use in this function)
../main.c:207: warning: implicit declaration of function 'lcd4_disply_string_at_X_Y'
../main.c:207: error: 'u8' undeclared (first use in this function)
../main.c:207: error: expected expression before ')' token
../main.c:208: error: expected expression before ')' token
../main.c:209: error: expected expression before ')' token
../main.c:210: warning: implicit declaration of function 'lcd4_set_cursor'
../main.c:213: warning: implicit declaration of function 'Keypad_Get_value'
../main.c:220: warning: implicit declaration of function 'lcd4_disply_char'
../main.c:221: error: 'MODE' undeclared (first use in this function)
../main.c: In function 'Asking_For_Info':
../main.c:228: error: 'KEY' undeclared (first use in this function)
../main.c:230: error: 'u8' undeclared (first use in this function)
../main.c:230: error: expected expression before ')' token
../main.c:232: error: expected expression before ')' token
../main.c:243: error: 'ID' undeclared (first use in this function)
../main.c:247: error: expected expression before ')' token
../main.c:258: error: 'PASS' undeclared (first use in this function)
../main.c: In function 'Slave_voidDisplay_Mode':
../main.c:266: error: 'KEY' undeclared (first use in this function)
../main.c:268: warning: implicit declaration of function 'GET_BIT'
../main.c:268: error: '_PORTD' undeclared (first use in this function)
../main.c:270: error: 'u8' undeclared (first use in this function)
../main.c:270: error: expected expression before ')' token
../main.c:274: error: expected expression before ')' token
../main.c:278: error: expected expression before ')' token
../main.c:282: error: expected expression before ')' token
../main.c:287: error: expected expression before ')' token
../main.c:291: error: expected expression before ')' token
../main.c:295: error: expected expression before ')' token
../main.c:298: error: '_PORTA' undeclared (first use in this function)
../main.c:300: error: expected expression before ')' token
../main.c:304: error: expected expression before ')' token
../main.c:307: error: expected expression before ')' token
../main.c:310: warning: implicit declaration of function 'ADC_void_Read_CH'
../main.c:311: error: 'u32' undeclared (first use in this function)
../main.c:311: error: expected ')' before 'temperature'
../main.c:314: warning: implicit declaration of function 'lcd4_disply_num'
../main.c: In function 'Slave_voidDisplay_Control':
../main.c:325: error: 'KEY' undeclared (first use in this function)
../main.c:327: error: 'u8' undeclared (first use in this function)
../main.c:327: error: expected expression before ')' token
../main.c:330: error: expected expression before ')' token
../main.c:332: error: expected expression before ')' token
../main.c:334: error: expected expression before ')' token
../main.c:347: error: 'Control' undeclared (first use in this function)
../main.c: In function 'Slave_voidSel_SoundSys':
../main.c:356: error: 'u8' undeclared (first use in this function)
../main.c:356: error: expected expression before ')' token
../main.c:357: error: 'PD_0' undeclared (first use in this function)
../main.c: In function 'Slave_u8Fan':
../main.c:368: error: 'KEY' undeclared (first use in this function)
../main.c:370: error: 'u8' undeclared (first use in this function)
../main.c:370: error: expected expression before ')' token
../main.c:372: error: expected expression before ')' token
../main.c:375: error: 'u32' undeclared (first use in this function)
../main.c:375: error: expected ')' before 'temperature'
../main.c:381: error: 'PA_5' undeclared (first use in this function)
../main.c:381: error: 'STD_LOW' undeclared (first use in this function)
../main.c:384: error: 'STD_HIGH' undeclared (first use in this function)
../main.c: In function 'Slave_voidSel_Led':
../main.c:396: error: 'KEY' undeclared (first use in this function)
../main.c:398: error: 'u8' undeclared (first use in this function)
../main.c:398: error: expected expression before ')' token
../main.c:400: error: expected expression before ')' token
../main.c:402: error: expected expression before ')' token
../main.c:404: error: expected expression before ')' token
../main.c:415: error: 'LED' undeclared (first use in this function)
../main.c:420: error: expected expression before ')' token
../main.c:424: error: 'PD_5' undeclared (first use in this function)
../main.c:424: error: 'STD_HIGH' undeclared (first use in this function)
../main.c:427: error: 'PD_6' undeclared (first use in this function)
../main.c:430: error: 'PD_7' undeclared (first use in this function)
../main.c:435: error: expected expression before ')' token
../main.c:437: error: expected expression before ')' token
../main.c:439: error: expected expression before ')' token
../main.c:442: error: 'CHOOSE' undeclared (first use in this function)
../main.c:461: error: 'STD_LOW' undeclared (first use in this function)
make: *** [main.o] Error 1

15:14:37 Build Finished (took 1s.928ms)

